nPoints =  3729
Set parameter Username

--------------------------------------------
Warning: your license will expire in 14 days
--------------------------------------------

Academic license - for non-commercial use only - expires 2022-08-18
sum demand =  20542
capacity =  9781
Gurobi Optimizer version 9.5.2 build v9.5.2rc0 (linux64)
Thread count: 24 physical cores, 48 logical processors, using up to 24 threads
Optimize a model with 18655 rows, 41716326 columns and 291958329 nonzeros
Model fingerprint: 0x0820323b
Variable types: 0 continuous, 41716326 integer (41716326 binary)
Coefficient statistics:
  Matrix range     [1e+00, 1e+01]
  Objective range  [1e-02, 2e+03]
  Bounds range     [1e+00, 1e+00]
  RHS range        [1e+00, 1e+04]
Found heuristic solution: objective 99873.610000
Presolve removed 0 rows and 0 columns (presolve time = 7s) ...
Presolve removed 0 rows and 0 columns (presolve time = 13s) ...
Presolve removed 0 rows and 6 columns (presolve time = 15s) ...
Presolve removed 0 rows and 6 columns (presolve time = 21s) ...
Presolve removed 0 rows and 6 columns (presolve time = 27s) ...
Presolve removed 0 rows and 6 columns (presolve time = 30s) ...
Presolve removed 0 rows and 6 columns (presolve time = 39s) ...
Presolve removed 0 rows and 6 columns (presolve time = 43s) ...
Presolve removed 0 rows and 6 columns (presolve time = 56s) ...
Presolve removed 0 rows and 6 columns (presolve time = 64s) ...
Presolve removed 0 rows and 6 columns (presolve time = 67s) ...
Presolve removed 6 rows and 6 columns (presolve time = 74s) ...
Presolve removed 6 rows and 6 columns (presolve time = 80s) ...
Presolve removed 6 rows and 6 columns (presolve time = 85s) ...
Presolve removed 6 rows and 6 columns (presolve time = 90s) ...
Presolve removed 6 rows and 6 columns (presolve time = 95s) ...
Presolve removed 6 rows and 6 columns (presolve time = 100s) ...
Presolve removed 6 rows and 6 columns (presolve time = 105s) ...
Presolve removed 6 rows and 6 columns (presolve time = 110s) ...
Presolve removed 6 rows and 6 columns (presolve time = 115s) ...
Presolve removed 6 rows and 6 columns (presolve time = 120s) ...
Presolve removed 6 rows and 6 columns (presolve time = 125s) ...
Presolve removed 6 rows and 6 columns (presolve time = 132s) ...
Presolve removed 6 rows and 6 columns (presolve time = 141s) ...
Presolve removed 6 rows and 6 columns (presolve time = 148s) ...
Presolve removed 6 rows and 6 columns (presolve time = 150s) ...
Presolve removed 6 rows and 6 columns (presolve time = 155s) ...
Presolve removed 6 rows and 6 columns (presolve time = 164s) ...
Presolve removed 6 rows and 6 columns (presolve time = 165s) ...
Presolve removed 6 rows and 6 columns (presolve time = 170s) ...
Presolve removed 6 rows and 6 columns (presolve time = 175s) ...
Presolve removed 6 rows and 6 columns (presolve time = 180s) ...
Presolve removed 6 rows and 6 columns (presolve time = 185s) ...
Presolve removed 6 rows and 6 columns (presolve time = 190s) ...
Presolve removed 6 rows and 6 columns (presolve time = 197s) ...
Presolve removed 6 rows and 6 columns (presolve time = 201s) ...
Presolve removed 6 rows and 6 columns (presolve time = 208s) ...
Presolve removed 6 rows and 6 columns (presolve time = 213s) ...
Presolve removed 6 rows and 6 columns (presolve time = 220s) ...
Presolve removed 6 rows and 6 columns (presolve time = 222s) ...
Presolve removed 6 rows and 6 columns (presolve time = 226s) ...
Presolve removed 6 rows and 6 columns (presolve time = 231s) ...
Presolve removed 6 rows and 6 columns (presolve time = 235s) ...
Presolve removed 6 rows and 6 columns (presolve time = 240s) ...
Presolve removed 6 rows and 6 columns (presolve time = 245s) ...
Presolve removed 6 rows and 6 columns (presolve time = 250s) ...
Presolve removed 6 rows and 6 columns (presolve time = 255s) ...
Presolve removed 6 rows and 6 columns (presolve time = 263s) ...
Presolve removed 6 rows and 6 columns (presolve time = 266s) ...
Presolve removed 6 rows and 6 columns (presolve time = 270s) ...
Presolve removed 6 rows and 6 columns (presolve time = 275s) ...
Presolve removed 6 rows and 6 columns (presolve time = 280s) ...
Presolve removed 6 rows and 6 columns (presolve time = 286s) ...
Presolve removed 6 rows and 6 columns (presolve time = 290s) ...
Presolve removed 6 rows and 6 columns (presolve time = 295s) ...
Presolve removed 6 rows and 6 columns (presolve time = 300s) ...
Presolve removed 6 rows and 6 columns (presolve time = 305s) ...
Presolve removed 6 rows and 6 columns (presolve time = 311s) ...
Presolve removed 6 rows and 6 columns (presolve time = 316s) ...
Presolve removed 6 rows and 6 columns (presolve time = 323s) ...
Presolve removed 6 rows and 6 columns (presolve time = 330s) ...
Presolve removed 6 rows and 6 columns (presolve time = 334s) ...
Presolve removed 6 rows and 6 columns (presolve time = 335s) ...
Presolve removed 6 rows and 6 columns (presolve time = 340s) ...
Presolve removed 6 rows and 6 columns (presolve time = 345s) ...
Presolve removed 6 rows and 6 columns (presolve time = 350s) ...
Presolve removed 6 rows and 6 columns (presolve time = 355s) ...
Presolve removed 6 rows and 6 columns (presolve time = 360s) ...
Presolve removed 6 rows and 6 columns (presolve time = 365s) ...
Presolve removed 6 rows and 6 columns (presolve time = 370s) ...
Presolve removed 6 rows and 6 columns (presolve time = 375s) ...
Presolve removed 6 rows and 6 columns (presolve time = 380s) ...
Presolve removed 6 rows and 6 columns (presolve time = 385s) ...
Presolve removed 6 rows and 6 columns (presolve time = 390s) ...
Presolve removed 6 rows and 6 columns (presolve time = 395s) ...
Presolve removed 6 rows and 6 columns (presolve time = 400s) ...
Presolve removed 6 rows and 6 columns (presolve time = 405s) ...
Presolve removed 6 rows and 6 columns (presolve time = 410s) ...
Presolve removed 6 rows and 6 columns (presolve time = 415s) ...
Presolve removed 6 rows and 6 columns (presolve time = 420s) ...
Presolve removed 6 rows and 6 columns (presolve time = 425s) ...
Presolve removed 6 rows and 6 columns (presolve time = 436s) ...
Presolve removed 6 rows and 6 columns (presolve time = 441s) ...
Presolve removed 6 rows and 6 columns (presolve time = 449s) ...
Presolve removed 6 rows and 6 columns (presolve time = 459s) ...
Presolve removed 6 rows and 6 columns (presolve time = 471s) ...
Presolve removed 6 rows and 6 columns (presolve time = 481s) ...
Presolve removed 6 rows and 6 columns
Presolve time: 481.24s
Presolved: 18649 rows, 41716320 columns, 208513401 nonzeros
Variable types: 0 continuous, 41716320 integer (41716320 binary)

Deterministic concurrent LP optimizer: primal and dual simplex
Showing first log only...


Root simplex log...

Iteration    Objective       Primal Inf.    Dual Inf.      Time
       0    9.1720400e+03   6.425417e+02   1.298137e+13    693s
    4877   -1.9328492e+04   5.167285e+02   2.276581e+11    695s
   18517   -9.4883434e+02   4.557287e+02   1.163719e+13    700s
   31475    2.0612222e+04   3.835615e+02   5.039202e+12    705s
   35466    3.2959100e+04   3.451498e+02   2.509983e+12    710s
   38815    4.2403036e+04   3.184999e+02   4.443997e+12    716s
   44915    5.1217269e+04   2.874285e+02   3.185516e+12    720s
   48325    5.6110316e+04   2.715328e+02   3.620196e+12    725s
   54463    6.1296490e+04   2.501086e+02   2.596567e+12    730s
   58555    6.5270416e+04   2.394626e+02   6.041260e+12    736s
   64011    6.8285258e+04   2.263160e+02   4.414598e+12    741s
   67421    7.0135547e+04   2.187621e+02   2.744329e+12    745s
   70149    7.2932283e+04   2.130904e+02   5.794530e+12    752s
   74244    7.5370214e+04   2.039599e+02   5.702054e+12    756s
   80264    7.7716886e+04   1.966476e+02   1.014839e+12    760s
Concurrent spin time: 0.30s

Solved with dual simplex

Root relaxation: objective 2.572440e+03, 150366 iterations, 246.07 seconds (171.89 work units)
Total elapsed time = 767.61s

    Nodes    |    Current Node    |     Objective Bounds      |     Work
 Expl Unexpl |  Obj  Depth IntInf | Incumbent    BestBd   Gap | It/Node Time

H    0     0                    2572.4400000    0.00000   100%     -  773s
     0     0 2572.44000    0   46 2572.44000 2572.44000  0.00%     -  931s

Explored 1 nodes (155817 simplex iterations) in 933.49 seconds (1655.82 work units)
Thread count was 24 (of 48 available processors)

Solution count 2: 2572.44 99873.6 

Optimal solution found (tolerance 1.00e-04)
Best objective 2.572440000000e+03, best bound 2.572440000000e+03, gap 0.0000%
Route for vehicle 0
0 1 2 10 11 15 19 22 26 28 31 33 35 37 39 45 46 48 49 56 68 77 85 90 91 95 96 108 109 110 111 112 113 122 127 134 174 178 182 185 187 191 192 196 201 202 203 204 206 207 216 221 226 251 252 255 257 258 260 262 263 266 268 273 283 284 286 287 292 296 299 301 303 305 306 308 313 314 315 317 322 330 332 333 334 339 341 344 345 348 350 351 356 360 374 375 379 380 381 383 398 406 407 409 413 414 415 419 423 427 429 431 432 434 436 437 438 439 440 448 449 451 452 461 466 467 469 471 477 480 491 494 514 516 518 520 521 522 531 533 537 538 540 541 542 543 547 555 559 561 565 566 589 592 599 600 603 605 607 608 648 649 652 665 674 677 685 687 694 695 697 700 701 706 709 715 717 718 747 748 757 763 764 769 770 779 780 788 791 794 795 796 802 818 836 837 842 861 867 873 876 900 919 922 927 931 940 941 942 943 944 947 948 950 952 953 954 959 961 970 973 974 976 985 986 989 993 994 995 999 1003 1005 1014 1018 1020 1021 1022 1030 1032 1033 1034 1038 1039 1045 1046 1049 1053 1055 1056 1058 1059 1061 1066 1071 1073 1074 1075 1077 1078 1081 1085 1088 1091 1093 1097 1098 1100 1103 1105 1106 1107 1110 1116 1119 1124 1128 1129 1130 1141 1143 1144 1145 1157 1158 1159 1160 1161 1162 1163 1164 1166 1167 1168 1169 1170 1172 1175 1176 1180 1182 1185 1188 1189 1190 1192 1194 1195 1196 1197 1201 1203 1206 1207 1210 1214 1218 1219 1220 1221 1226 1228 1229 1230 1233 1239 1243 1246 1252 1256 1262 1264 1265 1273 1275 1279 1280 1290 1293 1295 1310 1313 1317 1321 1327 1329 1344 1346 1351 1360 1364 1368 1372 1373 1375 1381 1382 1385 1386 1389 1390 1393 1399 1404 1405 1406 1408 1409 1431 1433 1435 1438 1439 1440 1447 1448 1452 1460 1462 1468 1477 1478 1480 1485 1489 1491 1493 1494 1496 1501 1505 1507 1508 1514 1516 1517 1518 1520 1522 1523 1526 1527 1539 1546 1547 1548 1562 1564 1565 1569 1571 1572 1573 1574 1575 1577 1588 1590 1593 1609 1614 1615 1616 1632 1656 1657 1663 1694 1701 1702 1704 1706 1707 1709 1710 1711 1712 1715 1716 1717 1718 1719 1720 1722 1723 1724 1725 1726 1727 1728 1729 1735 1737 1741 1743 1750 1752 1756 1761 1762 1763 1766 1770 1771 1775 1778 1779 1781 1785 1792 1793 1795 1799 1805 1817 1818 1820 1821 1823 1826 1827 1829 1842 1847 1848 1849 1854 1856 1857 1862 1863 1866 1867 1868 1871 1873 1882 1886 1890 1893 1894 1896 1897 1901 1902 1903 1904 1914 1915 1916 1918 1920 1921 1930 1932 1934 1935 1943 1944 1945 1949 1952 1958 1960 1962 1963 1966 1971 1973 1974 1987 1988 1990 1991 1992 1996 1997 1998 1999 2004 2005 2006 2007 2008 2009 2028 2034 2035 2054 2055 2056 2059 2061 2063 2064 2065 2080 2087 2088 2091 2093 2094 2095 2096 2105 2109 2114 2116 2117 2119 2120 2121 2124 2125 2126 2127 2128 2130 2150 2156 2159 2164 2165 2168 2169 2170 2173 2174 2176 2179 2186 2187 2189 2190 2191 2194 2196 2197 2199 2202 2205 2206 2207 2225 2226 2229 2239 2240 2248 2249 2252 2270 2271 2273 2275 2277 2279 2280 2292 2295 2304 2319 2320 2322 2327 2341 2343 2354 2356 2361 2363 2384 2385 2391 2402 2405 2413 2414 2418 2422 2423 2424 2425 2429 2431 2433 2436 2438 2439 2442 2443 2444 2461 2466 2469 2473 2479 2481 2483 2490 2493 2496 2498 2499 2500 2506 2510 2519 2521 2522 2524 2528 2531 2533 2539 2540 2541 2550 2551 2564 2568 2571 2572 2573 2583 2584 2586 2591 2601 2619 2622 2623 2628 2629 2639 2641 2642 2649 2668 2669 2671 2672 2674 2675 2676 2678 2682 2683 2684 2685 2688 2689 2693 2699 2701 2702 2703 2704 2707 2708 2709 2718 2720 2728 2736 2737 2738 2739 2741 2742 2743 2744 2748 2756 2763 2766 2772 2776 2779 2782 2789 2791 2792 2793 2795 2802 2813 2816 2823 2825 2833 2836 2843 2857 2858 2860 2861 2863 2866 2867 2868 2871 2878 2882 2883 2886 2894 2901 2902 2906 2909 2915 2919 2921 2923 2924 2934 2937 2938 2941 2942 2943 2944 2951 2954 2957 2958 2959 2960 2962 2965 2977 2980 2997 3023 3024 3027 3028 3029 3034 3047 3053 3055 3056 3057 3064 3066 3071 3077 3084 3087 3088 3093 3096 3100 3101 3102 3104 3108 3126 3127 3128 3130 3131 3137 3138 3139 3140 3143 3144 3146 3151 3152 3156 3157 3162 3163 3166 3178 3181 3197 3198 3205 3208 3209 3216 3217 3218 3221 3222 3227 3232 3234 3235 3236 3240 3241 3243 3244 3245 3246 3255 3256 3263 3265 3271 3274 3275 3276 3280 3283 3292 3303 3304 3305 3314 3320 3322 3324 3331 3338 3342 3346 3354 3355 3356 3360 3361 3362 3363 3364 3365 3369 3370 3371 3372 3373 3374 3375 3378 3380 3381 3382 3384 3389 3390 3391 3392 3393 3397 3401 3402 3403 3404 3405 3406 3410 3411 3415 3416 3417 3418 3420 3422 3426 3428 3430 3431 3432 3433 3434 3435 3436 3437 3438 3439 3440 3441 3444 3445 3448 3449 3453 3456 3459 3460 3462 3463 3464 3466 3467 3468 3469 3470 3471 3472 3473 3474 3475 3476 3478 3480 3481 3484 3485 3488 3489 3491 3492 3493 3494 3495 3497 3498 3499 3500 3501 3504 3505 3507 3509 3510 3514 3515 3517 3518 3522 3523 3524 3525 3526 3527 3528 3532 3535 3536 3537 3548 3549 3553 3554 3555 3556 3559 3560 3562 3563 3564 3566 3567 3568 3569 3570 3572 3573 3574 3575 3576 3582 3583 3584 3585 3586 3589 3590 3591 3592 3593 3594 3595 3596 3597 3599 3602 3603 3614 3615 3616 3618 3620 3621 3622 3625 3626 3627 3628 3629 3630 3631 3632 3633 3634 3635 3638 3640 3641 3642 3643 3647 3648 3650 3651 3652 3653 3654 3657 3660 3661 3662 3664 3666 3667 3668 3669 3671 3674 3675 3676 3677 3678 3679 3680 3681 3682 3683 3684 3685 3686 3687 3688 3691 3692 3693 3694 3695 3696 3697 3698 3699 3700 3701 3702 3703 3704 3706 3707 3708 3710 3711 3712 3713 3714 3715 3716 3717 3719 3722 3723 3724 3725 
Route for vehicle 1
0 3 4 5 6 9 17 18 21 32 41 42 44 47 50 51 52 55 57 60 62 66 67 70 72 75 76 79 83 87 93 94 104 107 114 116 125 126 128 131 135 136 139 140 142 143 146 151 156 157 158 179 180 183 188 190 195 197 198 200 205 208 209 212 213 214 215 222 223 229 230 231 232 236 237 245 246 249 253 254 259 272 277 278 279 282 288 290 291 293 300 302 304 311 319 321 325 327 328 331 335 359 370 371 384 385 386 393 395 396 397 399 402 408 410 411 412 416 417 420 422 430 433 441 442 443 444 445 447 459 460 468 470 473 474 475 476 478 479 481 483 484 485 490 498 502 503 506 509 515 519 523 526 536 539 548 550 551 558 562 563 573 575 576 580 581 582 583 585 594 595 596 604 610 612 618 619 620 621 628 634 635 636 637 640 641 642 644 645 646 650 656 659 660 661 663 666 668 669 672 673 675 676 679 681 682 684 688 689 692 693 696 705 707 711 713 716 719 731 732 733 734 735 736 737 738 740 744 746 749 752 753 754 760 761 772 773 774 781 783 784 785 789 790 792 793 798 803 805 806 807 808 813 823 839 840 841 848 856 857 860 864 866 868 869 870 881 883 886 888 891 892 894 896 897 906 907 912 914 915 916 921 925 929 930 933 934 937 938 939 945 946 949 951 956 957 958 960 967 969 971 972 975 981 983 987 990 996 1001 1004 1006 1007 1008 1009 1011 1015 1016 1017 1035 1036 1037 1040 1041 1043 1044 1047 1048 1050 1051 1052 1054 1060 1063 1064 1065 1067 1069 1070 1076 1080 1082 1083 1084 1087 1089 1090 1092 1096 1099 1109 1112 1113 1114 1117 1118 1122 1123 1125 1126 1131 1132 1135 1136 1146 1149 1152 1153 1165 1171 1173 1174 1178 1179 1183 1184 1186 1193 1199 1200 1208 1209 1211 1212 1215 1216 1217 1223 1231 1232 1234 1235 1236 1237 1238 1240 1242 1245 1247 1249 1250 1251 1253 1258 1260 1266 1267 1270 1271 1272 1274 1276 1277 1278 1283 1284 1287 1288 1289 1291 1292 1294 1297 1299 1301 1302 1304 1305 1306 1309 1315 1316 1318 1319 1320 1322 1326 1330 1331 1334 1335 1336 1337 1338 1339 1340 1341 1342 1347 1348 1349 1350 1353 1354 1355 1356 1357 1362 1363 1365 1366 1367 1369 1370 1371 1376 1377 1378 1379 1383 1384 1387 1388 1391 1392 1397 1398 1400 1401 1402 1410 1411 1412 1413 1416 1417 1419 1420 1422 1423 1424 1426 1427 1428 1429 1430 1432 1434 1436 1441 1442 1449 1450 1451 1454 1455 1456 1458 1459 1461 1463 1464 1465 1466 1470 1471 1473 1474 1475 1479 1481 1487 1488 1490 1492 1495 1497 1498 1499 1500 1503 1504 1506 1509 1510 1512 1513 1515 1524 1528 1530 1533 1534 1536 1537 1538 1545 1549 1550 1551 1553 1554 1555 1556 1559 1563 1566 1567 1568 1578 1580 1581 1583 1584 1585 1586 1587 1589 1591 1592 1594 1598 1599 1600 1602 1603 1604 1605 1607 1611 1612 1613 1617 1618 1619 1620 1621 1622 1623 1624 1627 1628 1629 1630 1631 1634 1635 1637 1650 1651 1652 1653 1654 1655 1664 1665 1667 1668 1669 1670 1671 1672 1673 1674 1675 1678 1679 1680 1682 1683 1684 1688 1689 1690 1691 1692 1693 1696 1698 1699 1705 1708 1713 1714 1721 1731 1732 1745 1746 1747 1748 1751 1754 1757 1759 1760 1764 1765 1767 1772 1774 1777 1780 1782 1783 1784 1787 1789 1791 1796 1798 1800 1801 1806 1807 1808 1809 1810 1811 1812 1814 1815 1816 1819 1822 1824 1825 1828 1830 1831 1834 1836 1838 1839 1840 1845 1851 1853 1855 1858 1859 1869 1872 1874 1876 1878 1879 1880 1881 1884 1885 1888 1889 1892 1899 1900 1905 1907 1909 1910 1911 1912 1913 1917 1919 1924 1927 1931 1933 1936 1937 1938 1939 1940 1942 1951 1953 1954 1956 1957 1959 1964 1965 1967 1968 1969 1970 1972 1980 1981 1982 1983 1986 1989 1993 1994 2000 2001 2002 2003 2010 2011 2012 2013 2014 2015 2016 2017 2018 2019 2020 2021 2022 2023 2024 2025 2026 2027 2029 2030 2031 2032 2036 2038 2039 2041 2042 2043 2044 2045 2046 2047 2048 2049 2050 2051 2052 2053 2057 2058 2060 2062 2066 2067 2068 2070 2072 2073 2074 2075 2076 2077 2078 2079 2081 2082 2083 2084 2085 2086 2089 2090 2092 2097 2098 2099 2100 2101 2102 2104 2106 2107 2111 2113 2115 2122 2123 2129 2131 2132 2133 2134 2136 2138 2139 2140 2141 2143 2144 2145 2147 2148 2151 2152 2153 2154 2155 2157 2158 2161 2163 2166 2167 2171 2175 2177 2178 2180 2181 2182 2183 2184 2185 2192 2193 2195 2198 2200 2201 2203 2204 2208 2209 2210 2212 2213 2214 2217 2218 2219 2220 2223 2224 2227 2228 2230 2231 2232 2233 2234 2235 2236 2237 2238 2241 2242 2243 2244 2245 2246 2247 2250 2251 2253 2254 2255 2256 2257 2258 2259 2260 2261 2262 2263 2264 2265 2266 2267 2268 2269 2272 2274 2276 2278 2281 2282 2283 2284 2285 2286 2288 2289 2290 2291 2293 2294 2296 2297 2298 2299 2300 2301 2302 2303 2305 2306 2308 2309 2310 2312 2313 2314 2315 2316 2317 2318 2321 2323 2324 2325 2326 2328 2329 2331 2333 2335 2336 2337 2338 2339 2340 2342 2344 2345 2346 2347 2348 2349 2350 2351 2352 2353 2355 2357 2358 2359 2360 2362 2364 2365 2366 2368 2369 2370 2371 2372 2373 2374 2375 2376 2377 2378 2379 2380 2381 2382 2383 2386 2387 2389 2390 2392 2393 2394 2396 2397 2398 2399 2400 2401 2403 2404 2406 2407 2408 2409 2410 2411 2412 2415 2416 2417 2419 2420 2421 2426 2428 2430 2432 2434 2435 2437 2440 2441 2445 2446 2447 2448 2449 2450 2451 2452 2453 2454 2455 2456 2457 2458 2459 2460 2462 2463 2464 2465 2467 2468 2470 2471 2472 2475 2476 2477 2478 2480 2482 2484 2485 2486 2487 2488 2489 2494 2495 2497 2501 2502 2503 2504 2505 2507 2508 2509 2511 2512 2514 2515 2516 2517 2518 2520 2523 2525 2526 2527 2529 2530 2534 2535 2536 2537 2542 2543 2544 2545 2546 2547 2548 2549 2552 2553 2554 2555 2556 2557 2558 2559 2560 2561 2562 2563 2565 2566 2567 2569 2570 2574 2575 2576 2577 2578 2580 2581 2582 2585 2587 2588 2589 2590 2594 2596 2597 2598 2599 2600 2603 2604 2606 2607 2608 2609 2610 2612 2613 2614 2615 2616 2617 2618 2620 2621 2624 2625 2626 2627 2630 2631 2632 2633 2634 2635 2636 2637 2638 2640 2643 2644 2645 2646 2647 2648 2650 2651 2652 2653 2654 2655 2656 2657 2658 2659 2660 2661 2662 2663 2664 2665 2666 2667 2670 2673 2679 2680 2686 2687 2690 2691 2692 2694 2695 2696 2697 2698 2700 2705 2706 2710 2711 2712 2713 2714 2715 2716 2717 2719 2721 2722 2723 2724 2725 2726 2727 2730 2731 2732 2733 2734 2735 2740 2745 2746 2747 2749 2750 2751 2752 2754 2755 2757 2758 2759 2760 2761 2762 2764 2765 2767 2768 2769 2770 2771 2773 2774 2775 2777 2778 2780 2781 2784 2785 2786 2787 2788 2790 2796 2797 2799 2800 2801 2803 2804 2805 2806 2807 2808 2809 2810 2811 2814 2815 2817 2818 2819 2820 2822 2824 2826 2827 2828 2829 2830 2831 2832 2834 2835 2837 2838 2839 2840 2841 2842 2844 2845 2846 2847 2848 2849 2850 2851 2852 2853 2854 2855 2856 2859 2862 2864 2865 2869 2870 2872 2873 2874 2876 2877 2879 2880 2881 2884 2885 2887 2888 2889 2890 2891 2893 2896 2897 2898 2899 2900 2903 2904 2905 2907 2908 2910 2911 2913 2914 2916 2917 2920 2925 2926 2927 2928 2929 2930 2931 2932 2933 2935 2936 2939 2940 2945 2946 2947 2948 2949 2952 2953 2955 2956 2961 2964 2968 2970 2971 2972 2973 2974 2975 2976 2978 2979 2981 2982 2985 2986 2987 2988 2989 2990 2991 2992 2993 2994 2995 2996 2998 2999 3001 3002 3003 3004 3005 3006 3007 3008 3009 3010 3011 3012 3013 3014 3015 3016 3017 3018 3019 3020 3021 3022 3025 3030 3031 3032 3033 3035 3036 3037 3038 3039 3040 3041 3042 3043 3044 3045 3046 3048 3049 3050 3051 3052 3054 3058 3059 3060 3061 3062 3063 3067 3068 3069 3072 3073 3074 3075 3076 3078 3079 3080 3081 3082 3083 3085 3086 3090 3091 3092 3094 3095 3097 3098 3099 3105 3106 3107 3109 3110 3111 3112 3113 3114 3115 3116 3117 3118 3119 3121 3124 3125 3129 3132 3135 3136 3141 3142 3145 3147 3148 3150 3154 3155 3158 3159 3160 3161 3164 3168 3169 3170 3171 3172 3173 3174 3175 3176 3177 3179 3180 3182 3183 3184 3185 3186 3187 3188 3189 3190 3191 3192 3194 3195 3196 3199 3200 3201 3202 3203 3204 3206 3207 3210 3211 3212 3213 3214 3215 3219 3220 3223 3224 3226 3229 3230 3231 3233 3237 3238 3239 3242 3247 3248 3249 3250 3251 3252 3253 3254 3257 3261 3262 3264 3266 3269 3272 3273 3278 3279 3281 3282 3284 3285 3286 3287 3288 3289 3290 3291 3293 3294 3295 3296 3297 3298 3299 3300 3301 3302 3306 3307 3308 3309 3310 3311 3312 3313 3315 3316 3317 3318 3319 3321 3323 3325 3326 3327 3328 3329 3330 3332 3333 3334 3335 3336 3337 3339 3340 3341 3343 3344 3345 3347 3348 3351 3352 3357 3358 3359 3366 3367 3368 3376 3377 3379 3383 3385 3386 3387 3388 3394 3396 3399 3408 3409 3413 3414 3419 3421 3423 3424 3425 3427 3429 3442 3443 3447 3450 3451 3452 3454 3455 3458 3465 3477 3479 3482 3483 3486 3487 3496 3502 3506 3508 3511 3512 3513 3516 3519 3520 3521 3529 3533 3538 3539 3540 3541 3542 3543 3544 3545 3546 3547 3550 3551 3552 3557 3558 3561 3565 3571 3577 3578 3579 3580 3581 3587 3588 3598 3600 3601 3604 3605 3612 3613 3617 3619 3623 3624 3637 3645 3656 3670 3689 3705 3709 3718 3720 3721 3726 3727 3728 
Route for vehicle 2
0 7 8 12 13 14 16 20 23 24 25 27 29 30 34 36 38 40 43 53 54 58 59 61 63 64 65 69 71 73 74 78 80 81 82 84 86 88 89 92 97 98 99 100 101 102 103 105 106 115 117 118 119 120 121 123 124 129 130 132 133 137 138 141 144 145 147 148 149 150 152 153 154 155 159 160 161 162 163 164 165 166 167 168 169 170 171 172 173 175 176 177 181 184 186 189 193 194 199 210 211 217 218 219 220 224 225 227 228 233 234 235 238 239 240 241 242 243 244 247 248 250 256 261 264 265 267 269 270 271 274 275 276 280 281 285 289 294 295 297 298 307 309 310 312 316 318 320 323 324 326 329 336 337 338 340 342 343 346 347 349 352 353 354 355 357 358 361 362 363 364 365 366 367 368 369 372 373 376 377 378 382 387 388 389 390 391 392 394 400 401 403 404 405 418 421 424 425 426 428 435 446 450 453 454 455 456 457 458 462 463 464 465 472 482 486 487 488 489 492 493 495 496 497 499 500 501 504 505 507 508 510 511 512 513 517 524 525 527 528 529 530 532 534 535 544 545 546 549 552 553 554 556 557 560 564 567 568 569 570 571 572 574 577 578 579 584 586 587 588 590 591 593 597 598 601 602 606 609 611 613 614 615 616 617 622 623 624 625 626 627 629 630 631 632 633 638 639 643 647 651 653 654 655 657 658 662 664 667 670 671 678 680 683 686 690 691 698 699 702 703 704 708 710 712 714 720 721 722 723 724 725 726 727 728 729 730 739 741 742 743 745 750 751 755 756 758 759 762 765 766 767 768 771 775 776 777 778 782 786 787 797 799 800 801 804 809 810 811 812 814 815 816 817 819 820 821 822 824 825 826 827 828 829 830 831 832 833 834 835 838 843 844 845 846 847 849 850 851 852 853 854 855 858 859 862 863 865 871 872 874 875 877 878 879 880 882 884 885 887 889 890 893 895 898 899 901 902 903 904 905 908 909 910 911 913 917 918 920 923 924 926 928 932 935 936 955 962 963 964 965 966 968 977 978 979 980 982 984 988 991 992 997 998 1000 1002 1010 1012 1013 1019 1023 1024 1025 1026 1027 1028 1029 1031 1042 1057 1062 1068 1072 1079 1086 1094 1095 1101 1102 1104 1108 1111 1115 1120 1121 1127 1133 1134 1137 1138 1139 1140 1142 1147 1148 1150 1151 1154 1155 1156 1177 1181 1187 1191 1198 1202 1204 1205 1213 1222 1224 1225 1227 1241 1244 1248 1254 1255 1257 1259 1261 1263 1268 1269 1281 1282 1285 1286 1296 1298 1300 1303 1307 1308 1311 1312 1314 1323 1324 1325 1328 1332 1333 1343 1345 1352 1358 1359 1361 1374 1380 1394 1395 1396 1403 1407 1414 1415 1418 1421 1425 1437 1443 1444 1445 1446 1453 1457 1467 1469 1472 1476 1482 1483 1484 1486 1502 1511 1519 1521 1525 1529 1531 1532 1535 1540 1541 1542 1543 1544 1552 1557 1558 1560 1561 1570 1576 1579 1582 1595 1596 1597 1601 1606 1608 1610 1625 1626 1633 1636 1638 1639 1640 1641 1642 1643 1644 1645 1646 1647 1648 1649 1658 1659 1660 1661 1662 1666 1676 1677 1681 1685 1686 1687 1695 1697 1700 1703 1730 1733 1734 1736 1738 1739 1740 1742 1744 1749 1753 1755 1758 1768 1769 1773 1776 1786 1788 1790 1794 1797 1802 1803 1804 1813 1832 1833 1835 1837 1841 1843 1844 1846 1850 1852 1860 1861 1864 1865 1870 1875 1877 1883 1887 1891 1895 1898 1906 1908 1922 1923 1925 1926 1928 1929 1941 1946 1947 1948 1950 1955 1961 1975 1976 1977 1978 1979 1984 1985 1995 2033 2037 2040 2069 2071 2103 2108 2110 2112 2118 2135 2137 2142 2146 2149 2160 2162 2172 2188 2211 2215 2216 2221 2222 2287 2307 2311 2330 2332 2334 2367 2388 2395 2427 2474 2491 2492 2513 2532 2538 2579 2592 2593 2595 2602 2605 2611 2677 2681 2729 2753 2783 2794 2798 2812 2821 2875 2892 2895 2912 2918 2922 2950 2963 2966 2967 2969 2983 2984 3000 3026 3065 3070 3089 3103 3120 3122 3123 3133 3134 3149 3153 3165 3167 3193 3225 3228 3258 3259 3260 3267 3268 3270 3277 3349 3350 3353 3395 3398 3400 3407 3412 3446 3457 3461 3490 3503 3530 3531 3534 3606 3607 3608 3609 3610 3611 3636 3639 3644 3646 3649 3655 3658 3659 3663 3665 3672 3673 3690 
